2025/10/21 17:49:05.965361 [INFO] Logger initialized (log file cleared)
2025/10/21 17:49:05.965558 [INFO] === Flyff Bot Started ===
2025/10/21 17:49:05.965562 [INFO] Training mode requested
2025/10/21 17:49:05.965575 [INFO] === Training Mode Started ===
2025/10/21 17:49:05.965582 [INFO] Loading train.png...
2025/10/21 17:49:06.101524 [INFO] Image loaded: 2450x1522
2025/10/21 17:49:06.102717 [INFO] Data loaded from data.json
2025/10/21 17:49:06.102728 [INFO] === Running Detection ===
2025/10/21 17:49:06.102731 [INFO] Detecting mobs...
2025/10/21 17:49:06.157935 [DEBUG] Found 11 passive points, 0 aggressive points, 18324 violet points
2025/10/21 17:49:06.157981 [DEBUG] Passive clustering: 11 points -> 3 clusters
2025/10/21 17:49:06.157985 [DEBUG] Passive cluster REJECTED at (2376,647) size 7x0 (width must be >11 and <180, y: 647)
2025/10/21 17:49:06.157989 [DEBUG] Passive mob ACCEPTED at (2346,652) size 68x3
2025/10/21 17:49:06.157992 [DEBUG] Passive mob ACCEPTED at (2326,660) size 82x3
2025/10/21 17:49:06.157994 [DEBUG] Aggressive clustering: 0 points -> 0 clusters
2025/10/21 17:49:06.352335 [DEBUG] Detected violet mob at (251,17), filtering out
2025/10/21 17:49:06.352369 [DEBUG] Detected violet mob at (127,277), filtering out
2025/10/21 17:49:06.352373 [DEBUG] Detected violet mob at (130,316), filtering out
2025/10/21 17:49:06.352375 [DEBUG] Detected violet mob at (971,55), filtering out
2025/10/21 17:49:06.352378 [DEBUG] Detected violet mob at (1040,851), filtering out
2025/10/21 17:49:06.352380 [DEBUG] Detected violet mob at (1214,900), filtering out
2025/10/21 17:49:06.352385 [DEBUG] Detected violet mob at (1528,1396), filtering out
2025/10/21 17:49:06.352387 [DEBUG] Detected violet mob at (1532,1410), filtering out
2025/10/21 17:49:06.352389 [DEBUG] Detected violet mob at (2200,19), filtering out
2025/10/21 17:49:06.352391 [DEBUG] Detected violet mob at (2129,321), filtering out
2025/10/21 17:49:06.352394 [DEBUG] Identified 2 total mobs (passive clusters: 3, aggressive clusters: 0)
2025/10/21 17:49:06.352399 [INFO] Found 2 mobs
2025/10/21 17:49:06.352401 [INFO] Detecting player stats...
2025/10/21 17:49:06.352480 [DEBUG] HP: Value updated 100% -> 0%
2025/10/21 17:49:06.352556 [DEBUG] MP: Value updated 100% -> 0%
2025/10/21 17:49:06.352632 [DEBUG] FP: Value updated 100% -> 0%
2025/10/21 17:49:06.355892 [DEBUG] Blue target marker detected (42 points)
2025/10/21 17:49:06.355962 [INFO] HP: 0%, MP: 0%, FP: 0%
2025/10/21 17:49:06.355964 [INFO] Target HP: 0%
2025/10/21 17:49:06.355966 [INFO] Target on screen: true
2025/10/21 17:49:06.355968 [INFO] Detecting target marker...
2025/10/21 17:49:06.359280 [DEBUG] Blue target marker detected (42 points)
2025/10/21 17:49:06.359296 [INFO] Target marker detected: true
2025/10/21 17:49:06.359298 [INFO] === Creating Visualization ===
2025/10/21 17:49:06.361379 [INFO] Saving visualization to result.png...
2025/10/21 17:49:07.949030 [INFO] Saved successfully!
2025/10/21 17:49:07.949064 [INFO] result.png size: 3157133 bytes
2025/10/21 17:49:07.949069 [INFO] === Training Mode Completed ===
2025/10/21 17:49:07.949071 [INFO] Please check result.png for visualization
2025/10/21 17:49:07.949075 [INFO] Please check Debug.log for detailed detection info
2025/10/21 17:49:07.949094 [INFO] === Flyff Bot Shutdown ===
2025/10/21 17:49:07.949096 [INFO] Logger closing
